<component name="libraryTable">
  <library name="junit-jupiter-params-5.4.0-sources">
    <CLASSES />
    <JAVADOC />
    <SOURCES>
      <root url="jar://C:/Repository/junit-jupiter-params-5.4.0-sources.jar!/" />
    </SOURCES>
  </library>
</component>